2022-09-07T10:45:15+00:00 CRITICAL Uncaught Error: Call to a member function is_empty() on null in C:\xampp\htdocs\nhannt3\wp-content\plugins\th-all-in-one-woo-cart\inc\taiowc-markup.php:44
Stack trace:
#0 C:\xampp\htdocs\nhannt3\wp-content\plugins\th-all-in-one-woo-cart\inc\taiowc-cart.php(19): Taiowc_Markup->taiowc_cart_show()
#1 C:\xampp\htdocs\nhannt3\wp-content\plugins\th-all-in-one-woo-cart\inc\taiowc.php(208): include('C:\\xampp\\htdocs...')
#2 C:\xampp\htdocs\nhannt3\wp-content\plugins\th-all-in-one-woo-cart\inc\taiowc.php(196): Taiowc->getCart(Array)
#3 C:\xampp\htdocs\nhannt3\wp-includes\shortcodes.php(356): Taiowc->addBody(Array, '', 'taiowc')
#4 [internal function]: do_shortcode_tag(Array)
#5 C:\xampp\htdocs\nhannt3\wp-includes\shortcodes.php(228): preg_replace_callback('/\\[(\\[?)(taiowc...', 'do_shortcode_ta...', '[taiowc layout=...')
#6 C:\xampp\htdocs\nhannt3\wp-content\plugins\th-all-in-one-woo-cart\inc\taiowc.php(247): do_shortcode('[taiowc layout=...')
#7 C:\xampp\htdocs\nhannt3\wp-includes\class-wp-hook.php(307): Taiowc->addcartBody('')
#8 C:\xampp\htdocs\nhannt3\wp-includes\class-wp-hook.php(331): WP_Hook->apply_filters(NULL, Array)
#9 C:\xampp\htdocs\nhannt3\wp-includes\plugin.php(476): WP_Hook->do_action(Array)
#10 C:\xampp\htdocs\nhannt3\wp-includes\general-template.php(3058): do_action('wp_footer')
#11 C:\xampp\htdocs\nhannt3\wp-includes\rest-api\endpoints\class-wp-rest-widget-types-controller.php(650): wp_footer()
#12 C:\xampp\htdocs\nhannt3\wp-includes\rest-api\endpoints\class-wp-rest-widget-types-controller.php(598): WP_REST_Widget_Types_Controller->render_legacy_widget_preview_iframe('woocommerce_pro...', Array)
#13 C:\xampp\htdocs\nhannt3\wp-includes\rest-api\class-wp-rest-server.php(1143): WP_REST_Widget_Types_Controller->render(Object(WP_REST_Request))
#14 C:\xampp\htdocs\nhannt3\wp-includes\rest-api\class-wp-rest-server.php(990): WP_REST_Server->respond_to_request(Object(WP_REST_Request), '/wp/v2/widget-t...', Array, NULL)
#15 C:\xampp\htdocs\nhannt3\wp-includes\rest-api\class-wp-rest-server.php(414): WP_REST_Server->dispatch(Object(WP_REST_Request))
#16 C:\xampp\htdocs\nhannt3\wp-includes\rest-api.php(394): WP_REST_Server->serve_request('/wp/v2/widget-t...')
#17 C:\xampp\htdocs\nhannt3\wp-includes\class-wp-hook.php(307): rest_api_loaded(Object(WP))
#18 C:\xampp\htdocs\nhannt3\wp-includes\class-wp-hook.php(331): WP_Hook->apply_filters(NULL, Array)
#19 C:\xampp\htdocs\nhannt3\wp-includes\plugin.php(524): WP_Hook->do_action(Array)
#20 C:\xampp\htdocs\nhannt3\wp-includes\class-wp.php(398): do_action_ref_array('parse_request', Array)
#21 C:\xampp\htdocs\nhannt3\wp-includes\class-wp.php(770): WP->parse_request('')
#22 C:\xampp\htdocs\nhannt3\wp-includes\functions.php(1330): WP->main('')
#23 C:\xampp\htdocs\nhannt3\wp-blog-header.php(16): wp()
#24 C:\xampp\htdocs\nhannt3\index.php(17): require('C:\\xampp\\htdocs...')
#25 {main}
  thrown in C:\xampp\htdocs\nhannt3\wp-content\plugins\th-all-in-one-woo-cart\inc\taiowc-markup.php on line 44

2022-09-07T10:45:15+00:00 CRITICAL Uncaught Error: Call to a member function is_empty() on null in C:\xampp\htdocs\nhannt3\wp-content\plugins\th-all-in-one-woo-cart\inc\taiowc-markup.php:44
Stack trace:
#0 C:\xampp\htdocs\nhannt3\wp-content\plugins\th-all-in-one-woo-cart\inc\taiowc-cart.php(19): Taiowc_Markup->taiowc_cart_show()
#1 C:\xampp\htdocs\nhannt3\wp-content\plugins\th-all-in-one-woo-cart\inc\taiowc.php(208): include('C:\\xampp\\htdocs...')
#2 C:\xampp\htdocs\nhannt3\wp-content\plugins\th-all-in-one-woo-cart\inc\taiowc.php(196): Taiowc->getCart(Array)
#3 C:\xampp\htdocs\nhannt3\wp-includes\shortcodes.php(356): Taiowc->addBody(Array, '', 'taiowc')
#4 [internal function]: do_shortcode_tag(Array)
#5 C:\xampp\htdocs\nhannt3\wp-includes\shortcodes.php(228): preg_replace_callback('/\\[(\\[?)(taiowc...', 'do_shortcode_ta...', '[taiowc layout=...')
#6 C:\xampp\htdocs\nhannt3\wp-content\plugins\th-all-in-one-woo-cart\inc\taiowc.php(247): do_shortcode('[taiowc layout=...')
#7 C:\xampp\htdocs\nhannt3\wp-includes\class-wp-hook.php(307): Taiowc->addcartBody('')
#8 C:\xampp\htdocs\nhannt3\wp-includes\class-wp-hook.php(331): WP_Hook->apply_filters(NULL, Array)
#9 C:\xampp\htdocs\nhannt3\wp-includes\plugin.php(476): WP_Hook->do_action(Array)
#10 C:\xampp\htdocs\nhannt3\wp-includes\general-template.php(3058): do_action('wp_footer')
#11 C:\xampp\htdocs\nhannt3\wp-includes\rest-api\endpoints\class-wp-rest-widget-types-controller.php(650): wp_footer()
#12 C:\xampp\htdocs\nhannt3\wp-includes\rest-api\endpoints\class-wp-rest-widget-types-controller.php(598): WP_REST_Widget_Types_Controller->render_legacy_widget_preview_iframe('text', Array)
#13 C:\xampp\htdocs\nhannt3\wp-includes\rest-api\class-wp-rest-server.php(1143): WP_REST_Widget_Types_Controller->render(Object(WP_REST_Request))
#14 C:\xampp\htdocs\nhannt3\wp-includes\rest-api\class-wp-rest-server.php(990): WP_REST_Server->respond_to_request(Object(WP_REST_Request), '/wp/v2/widget-t...', Array, NULL)
#15 C:\xampp\htdocs\nhannt3\wp-includes\rest-api\class-wp-rest-server.php(414): WP_REST_Server->dispatch(Object(WP_REST_Request))
#16 C:\xampp\htdocs\nhannt3\wp-includes\rest-api.php(394): WP_REST_Server->serve_request('/wp/v2/widget-t...')
#17 C:\xampp\htdocs\nhannt3\wp-includes\class-wp-hook.php(307): rest_api_loaded(Object(WP))
#18 C:\xampp\htdocs\nhannt3\wp-includes\class-wp-hook.php(331): WP_Hook->apply_filters(NULL, Array)
#19 C:\xampp\htdocs\nhannt3\wp-includes\plugin.php(524): WP_Hook->do_action(Array)
#20 C:\xampp\htdocs\nhannt3\wp-includes\class-wp.php(398): do_action_ref_array('parse_request', Array)
#21 C:\xampp\htdocs\nhannt3\wp-includes\class-wp.php(770): WP->parse_request('')
#22 C:\xampp\htdocs\nhannt3\wp-includes\functions.php(1330): WP->main('')
#23 C:\xampp\htdocs\nhannt3\wp-blog-header.php(16): wp()
#24 C:\xampp\htdocs\nhannt3\index.php(17): require('C:\\xampp\\htdocs...')
#25 {main}
  thrown in C:\xampp\htdocs\nhannt3\wp-content\plugins\th-all-in-one-woo-cart\inc\taiowc-markup.php on line 44

2022-09-07T10:45:15+00:00 CRITICAL Uncaught Error: Call to a member function is_empty() on null in C:\xampp\htdocs\nhannt3\wp-content\plugins\th-all-in-one-woo-cart\inc\taiowc-markup.php:44
Stack trace:
#0 C:\xampp\htdocs\nhannt3\wp-content\plugins\th-all-in-one-woo-cart\inc\taiowc-cart.php(19): Taiowc_Markup->taiowc_cart_show()
#1 C:\xampp\htdocs\nhannt3\wp-content\plugins\th-all-in-one-woo-cart\inc\taiowc.php(208): include('C:\\xampp\\htdocs...')
#2 C:\xampp\htdocs\nhannt3\wp-content\plugins\th-all-in-one-woo-cart\inc\taiowc.php(196): Taiowc->getCart(Array)
#3 C:\xampp\htdocs\nhannt3\wp-includes\shortcodes.php(356): Taiowc->addBody(Array, '', 'taiowc')
#4 [internal function]: do_shortcode_tag(Array)
#5 C:\xampp\htdocs\nhannt3\wp-includes\shortcodes.php(228): preg_replace_callback('/\\[(\\[?)(taiowc...', 'do_shortcode_ta...', '[taiowc layout=...')
#6 C:\xampp\htdocs\nhannt3\wp-content\plugins\th-all-in-one-woo-cart\inc\taiowc.php(247): do_shortcode('[taiowc layout=...')
#7 C:\xampp\htdocs\nhannt3\wp-includes\class-wp-hook.php(307): Taiowc->addcartBody('')
#8 C:\xampp\htdocs\nhannt3\wp-includes\class-wp-hook.php(331): WP_Hook->apply_filters(NULL, Array)
#9 C:\xampp\htdocs\nhannt3\wp-includes\plugin.php(476): WP_Hook->do_action(Array)
#10 C:\xampp\htdocs\nhannt3\wp-includes\general-template.php(3058): do_action('wp_footer')
#11 C:\xampp\htdocs\nhannt3\wp-includes\rest-api\endpoints\class-wp-rest-widget-types-controller.php(650): wp_footer()
#12 C:\xampp\htdocs\nhannt3\wp-includes\rest-api\endpoints\class-wp-rest-widget-types-controller.php(598): WP_REST_Widget_Types_Controller->render_legacy_widget_preview_iframe('text', Array)
#13 C:\xampp\htdocs\nhannt3\wp-includes\rest-api\class-wp-rest-server.php(1143): WP_REST_Widget_Types_Controller->render(Object(WP_REST_Request))
#14 C:\xampp\htdocs\nhannt3\wp-includes\rest-api\class-wp-rest-server.php(990): WP_REST_Server->respond_to_request(Object(WP_REST_Request), '/wp/v2/widget-t...', Array, NULL)
#15 C:\xampp\htdocs\nhannt3\wp-includes\rest-api\class-wp-rest-server.php(414): WP_REST_Server->dispatch(Object(WP_REST_Request))
#16 C:\xampp\htdocs\nhannt3\wp-includes\rest-api.php(394): WP_REST_Server->serve_request('/wp/v2/widget-t...')
#17 C:\xampp\htdocs\nhannt3\wp-includes\class-wp-hook.php(307): rest_api_loaded(Object(WP))
#18 C:\xampp\htdocs\nhannt3\wp-includes\class-wp-hook.php(331): WP_Hook->apply_filters(NULL, Array)
#19 C:\xampp\htdocs\nhannt3\wp-includes\plugin.php(524): WP_Hook->do_action(Array)
#20 C:\xampp\htdocs\nhannt3\wp-includes\class-wp.php(398): do_action_ref_array('parse_request', Array)
#21 C:\xampp\htdocs\nhannt3\wp-includes\class-wp.php(770): WP->parse_request('')
#22 C:\xampp\htdocs\nhannt3\wp-includes\functions.php(1330): WP->main('')
#23 C:\xampp\htdocs\nhannt3\wp-blog-header.php(16): wp()
#24 C:\xampp\htdocs\nhannt3\index.php(17): require('C:\\xampp\\htdocs...')
#25 {main}
  thrown in C:\xampp\htdocs\nhannt3\wp-content\plugins\th-all-in-one-woo-cart\inc\taiowc-markup.php on line 44

2022-09-07T10:45:16+00:00 CRITICAL Uncaught Error: Call to a member function is_empty() on null in C:\xampp\htdocs\nhannt3\wp-content\plugins\th-all-in-one-woo-cart\inc\taiowc-markup.php:44
Stack trace:
#0 C:\xampp\htdocs\nhannt3\wp-content\plugins\th-all-in-one-woo-cart\inc\taiowc-cart.php(19): Taiowc_Markup->taiowc_cart_show()
#1 C:\xampp\htdocs\nhannt3\wp-content\plugins\th-all-in-one-woo-cart\inc\taiowc.php(208): include('C:\\xampp\\htdocs...')
#2 C:\xampp\htdocs\nhannt3\wp-content\plugins\th-all-in-one-woo-cart\inc\taiowc.php(196): Taiowc->getCart(Array)
#3 C:\xampp\htdocs\nhannt3\wp-includes\shortcodes.php(356): Taiowc->addBody(Array, '', 'taiowc')
#4 [internal function]: do_shortcode_tag(Array)
#5 C:\xampp\htdocs\nhannt3\wp-includes\shortcodes.php(228): preg_replace_callback('/\\[(\\[?)(taiowc...', 'do_shortcode_ta...', '[taiowc layout=...')
#6 C:\xampp\htdocs\nhannt3\wp-content\plugins\th-all-in-one-woo-cart\inc\taiowc.php(247): do_shortcode('[taiowc layout=...')
#7 C:\xampp\htdocs\nhannt3\wp-includes\class-wp-hook.php(307): Taiowc->addcartBody('')
#8 C:\xampp\htdocs\nhannt3\wp-includes\class-wp-hook.php(331): WP_Hook->apply_filters(NULL, Array)
#9 C:\xampp\htdocs\nhannt3\wp-includes\plugin.php(476): WP_Hook->do_action(Array)
#10 C:\xampp\htdocs\nhannt3\wp-includes\general-template.php(3058): do_action('wp_footer')
#11 C:\xampp\htdocs\nhannt3\wp-includes\rest-api\endpoints\class-wp-rest-widget-types-controller.php(650): wp_footer()
#12 C:\xampp\htdocs\nhannt3\wp-includes\rest-api\endpoints\class-wp-rest-widget-types-controller.php(598): WP_REST_Widget_Types_Controller->render_legacy_widget_preview_iframe('text', Array)
#13 C:\xampp\htdocs\nhannt3\wp-includes\rest-api\class-wp-rest-server.php(1143): WP_REST_Widget_Types_Controller->render(Object(WP_REST_Request))
#14 C:\xampp\htdocs\nhannt3\wp-includes\rest-api\class-wp-rest-server.php(990): WP_REST_Server->respond_to_request(Object(WP_REST_Request), '/wp/v2/widget-t...', Array, NULL)
#15 C:\xampp\htdocs\nhannt3\wp-includes\rest-api\class-wp-rest-server.php(414): WP_REST_Server->dispatch(Object(WP_REST_Request))
#16 C:\xampp\htdocs\nhannt3\wp-includes\rest-api.php(394): WP_REST_Server->serve_request('/wp/v2/widget-t...')
#17 C:\xampp\htdocs\nhannt3\wp-includes\class-wp-hook.php(307): rest_api_loaded(Object(WP))
#18 C:\xampp\htdocs\nhannt3\wp-includes\class-wp-hook.php(331): WP_Hook->apply_filters(NULL, Array)
#19 C:\xampp\htdocs\nhannt3\wp-includes\plugin.php(524): WP_Hook->do_action(Array)
#20 C:\xampp\htdocs\nhannt3\wp-includes\class-wp.php(398): do_action_ref_array('parse_request', Array)
#21 C:\xampp\htdocs\nhannt3\wp-includes\class-wp.php(770): WP->parse_request('')
#22 C:\xampp\htdocs\nhannt3\wp-includes\functions.php(1330): WP->main('')
#23 C:\xampp\htdocs\nhannt3\wp-blog-header.php(16): wp()
#24 C:\xampp\htdocs\nhannt3\index.php(17): require('C:\\xampp\\htdocs...')
#25 {main}
  thrown in C:\xampp\htdocs\nhannt3\wp-content\plugins\th-all-in-one-woo-cart\inc\taiowc-markup.php on line 44

2022-09-07T10:45:16+00:00 CRITICAL Uncaught Error: Call to a member function is_empty() on null in C:\xampp\htdocs\nhannt3\wp-content\plugins\th-all-in-one-woo-cart\inc\taiowc-markup.php:44
Stack trace:
#0 C:\xampp\htdocs\nhannt3\wp-content\plugins\th-all-in-one-woo-cart\inc\taiowc-cart.php(19): Taiowc_Markup->taiowc_cart_show()
#1 C:\xampp\htdocs\nhannt3\wp-content\plugins\th-all-in-one-woo-cart\inc\taiowc.php(208): include('C:\\xampp\\htdocs...')
#2 C:\xampp\htdocs\nhannt3\wp-content\plugins\th-all-in-one-woo-cart\inc\taiowc.php(196): Taiowc->getCart(Array)
#3 C:\xampp\htdocs\nhannt3\wp-includes\shortcodes.php(356): Taiowc->addBody(Array, '', 'taiowc')
#4 [internal function]: do_shortcode_tag(Array)
#5 C:\xampp\htdocs\nhannt3\wp-includes\shortcodes.php(228): preg_replace_callback('/\\[(\\[?)(taiowc...', 'do_shortcode_ta...', '[taiowc layout=...')
#6 C:\xampp\htdocs\nhannt3\wp-content\plugins\th-all-in-one-woo-cart\inc\taiowc.php(247): do_shortcode('[taiowc layout=...')
#7 C:\xampp\htdocs\nhannt3\wp-includes\class-wp-hook.php(307): Taiowc->addcartBody('')
#8 C:\xampp\htdocs\nhannt3\wp-includes\class-wp-hook.php(331): WP_Hook->apply_filters(NULL, Array)
#9 C:\xampp\htdocs\nhannt3\wp-includes\plugin.php(476): WP_Hook->do_action(Array)
#10 C:\xampp\htdocs\nhannt3\wp-includes\general-template.php(3058): do_action('wp_footer')
#11 C:\xampp\htdocs\nhannt3\wp-includes\rest-api\endpoints\class-wp-rest-widget-types-controller.php(650): wp_footer()
#12 C:\xampp\htdocs\nhannt3\wp-includes\rest-api\endpoints\class-wp-rest-widget-types-controller.php(598): WP_REST_Widget_Types_Controller->render_legacy_widget_preview_iframe('text', Array)
#13 C:\xampp\htdocs\nhannt3\wp-includes\rest-api\class-wp-rest-server.php(1143): WP_REST_Widget_Types_Controller->render(Object(WP_REST_Request))
#14 C:\xampp\htdocs\nhannt3\wp-includes\rest-api\class-wp-rest-server.php(990): WP_REST_Server->respond_to_request(Object(WP_REST_Request), '/wp/v2/widget-t...', Array, NULL)
#15 C:\xampp\htdocs\nhannt3\wp-includes\rest-api\class-wp-rest-server.php(414): WP_REST_Server->dispatch(Object(WP_REST_Request))
#16 C:\xampp\htdocs\nhannt3\wp-includes\rest-api.php(394): WP_REST_Server->serve_request('/wp/v2/widget-t...')
#17 C:\xampp\htdocs\nhannt3\wp-includes\class-wp-hook.php(307): rest_api_loaded(Object(WP))
#18 C:\xampp\htdocs\nhannt3\wp-includes\class-wp-hook.php(331): WP_Hook->apply_filters(NULL, Array)
#19 C:\xampp\htdocs\nhannt3\wp-includes\plugin.php(524): WP_Hook->do_action(Array)
#20 C:\xampp\htdocs\nhannt3\wp-includes\class-wp.php(398): do_action_ref_array('parse_request', Array)
#21 C:\xampp\htdocs\nhannt3\wp-includes\class-wp.php(770): WP->parse_request('')
#22 C:\xampp\htdocs\nhannt3\wp-includes\functions.php(1330): WP->main('')
#23 C:\xampp\htdocs\nhannt3\wp-blog-header.php(16): wp()
#24 C:\xampp\htdocs\nhannt3\index.php(17): require('C:\\xampp\\htdocs...')
#25 {main}
  thrown in C:\xampp\htdocs\nhannt3\wp-content\plugins\th-all-in-one-woo-cart\inc\taiowc-markup.php on line 44

2022-09-07T10:45:16+00:00 CRITICAL Uncaught Error: Call to a member function is_empty() on null in C:\xampp\htdocs\nhannt3\wp-content\plugins\th-all-in-one-woo-cart\inc\taiowc-markup.php:44
Stack trace:
#0 C:\xampp\htdocs\nhannt3\wp-content\plugins\th-all-in-one-woo-cart\inc\taiowc-cart.php(19): Taiowc_Markup->taiowc_cart_show()
#1 C:\xampp\htdocs\nhannt3\wp-content\plugins\th-all-in-one-woo-cart\inc\taiowc.php(208): include('C:\\xampp\\htdocs...')
#2 C:\xampp\htdocs\nhannt3\wp-content\plugins\th-all-in-one-woo-cart\inc\taiowc.php(196): Taiowc->getCart(Array)
#3 C:\xampp\htdocs\nhannt3\wp-includes\shortcodes.php(356): Taiowc->addBody(Array, '', 'taiowc')
#4 [internal function]: do_shortcode_tag(Array)
#5 C:\xampp\htdocs\nhannt3\wp-includes\shortcodes.php(228): preg_replace_callback('/\\[(\\[?)(taiowc...', 'do_shortcode_ta...', '[taiowc layout=...')
#6 C:\xampp\htdocs\nhannt3\wp-content\plugins\th-all-in-one-woo-cart\inc\taiowc.php(247): do_shortcode('[taiowc layout=...')
#7 C:\xampp\htdocs\nhannt3\wp-includes\class-wp-hook.php(307): Taiowc->addcartBody('')
#8 C:\xampp\htdocs\nhannt3\wp-includes\class-wp-hook.php(331): WP_Hook->apply_filters(NULL, Array)
#9 C:\xampp\htdocs\nhannt3\wp-includes\plugin.php(476): WP_Hook->do_action(Array)
#10 C:\xampp\htdocs\nhannt3\wp-includes\general-template.php(3058): do_action('wp_footer')
#11 C:\xampp\htdocs\nhannt3\wp-includes\rest-api\endpoints\class-wp-rest-widget-types-controller.php(650): wp_footer()
#12 C:\xampp\htdocs\nhannt3\wp-includes\rest-api\endpoints\class-wp-rest-widget-types-controller.php(598): WP_REST_Widget_Types_Controller->render_legacy_widget_preview_iframe('woocommerce_pro...', Array)
#13 C:\xampp\htdocs\nhannt3\wp-includes\rest-api\class-wp-rest-server.php(1143): WP_REST_Widget_Types_Controller->render(Object(WP_REST_Request))
#14 C:\xampp\htdocs\nhannt3\wp-includes\rest-api\class-wp-rest-server.php(990): WP_REST_Server->respond_to_request(Object(WP_REST_Request), '/wp/v2/widget-t...', Array, NULL)
#15 C:\xampp\htdocs\nhannt3\wp-includes\rest-api\class-wp-rest-server.php(414): WP_REST_Server->dispatch(Object(WP_REST_Request))
#16 C:\xampp\htdocs\nhannt3\wp-includes\rest-api.php(394): WP_REST_Server->serve_request('/wp/v2/widget-t...')
#17 C:\xampp\htdocs\nhannt3\wp-includes\class-wp-hook.php(307): rest_api_loaded(Object(WP))
#18 C:\xampp\htdocs\nhannt3\wp-includes\class-wp-hook.php(331): WP_Hook->apply_filters(NULL, Array)
#19 C:\xampp\htdocs\nhannt3\wp-includes\plugin.php(524): WP_Hook->do_action(Array)
#20 C:\xampp\htdocs\nhannt3\wp-includes\class-wp.php(398): do_action_ref_array('parse_request', Array)
#21 C:\xampp\htdocs\nhannt3\wp-includes\class-wp.php(770): WP->parse_request('')
#22 C:\xampp\htdocs\nhannt3\wp-includes\functions.php(1330): WP->main('')
#23 C:\xampp\htdocs\nhannt3\wp-blog-header.php(16): wp()
#24 C:\xampp\htdocs\nhannt3\index.php(17): require('C:\\xampp\\htdocs...')
#25 {main}
  thrown in C:\xampp\htdocs\nhannt3\wp-content\plugins\th-all-in-one-woo-cart\inc\taiowc-markup.php on line 44

2022-09-07T10:45:17+00:00 CRITICAL Uncaught Error: Call to a member function is_empty() on null in C:\xampp\htdocs\nhannt3\wp-content\plugins\th-all-in-one-woo-cart\inc\taiowc-markup.php:44
Stack trace:
#0 C:\xampp\htdocs\nhannt3\wp-content\plugins\th-all-in-one-woo-cart\inc\taiowc-cart.php(19): Taiowc_Markup->taiowc_cart_show()
#1 C:\xampp\htdocs\nhannt3\wp-content\plugins\th-all-in-one-woo-cart\inc\taiowc.php(208): include('C:\\xampp\\htdocs...')
#2 C:\xampp\htdocs\nhannt3\wp-content\plugins\th-all-in-one-woo-cart\inc\taiowc.php(196): Taiowc->getCart(Array)
#3 C:\xampp\htdocs\nhannt3\wp-includes\shortcodes.php(356): Taiowc->addBody(Array, '', 'taiowc')
#4 [internal function]: do_shortcode_tag(Array)
#5 C:\xampp\htdocs\nhannt3\wp-includes\shortcodes.php(228): preg_replace_callback('/\\[(\\[?)(taiowc...', 'do_shortcode_ta...', '[taiowc layout=...')
#6 C:\xampp\htdocs\nhannt3\wp-content\plugins\th-all-in-one-woo-cart\inc\taiowc.php(247): do_shortcode('[taiowc layout=...')
#7 C:\xampp\htdocs\nhannt3\wp-includes\class-wp-hook.php(307): Taiowc->addcartBody('')
#8 C:\xampp\htdocs\nhannt3\wp-includes\class-wp-hook.php(331): WP_Hook->apply_filters(NULL, Array)
#9 C:\xampp\htdocs\nhannt3\wp-includes\plugin.php(476): WP_Hook->do_action(Array)
#10 C:\xampp\htdocs\nhannt3\wp-includes\general-template.php(3058): do_action('wp_footer')
#11 C:\xampp\htdocs\nhannt3\wp-includes\rest-api\endpoints\class-wp-rest-widget-types-controller.php(650): wp_footer()
#12 C:\xampp\htdocs\nhannt3\wp-includes\rest-api\endpoints\class-wp-rest-widget-types-controller.php(598): WP_REST_Widget_Types_Controller->render_legacy_widget_preview_iframe('woocommerce_pro...', Array)
#13 C:\xampp\htdocs\nhannt3\wp-includes\rest-api\class-wp-rest-server.php(1143): WP_REST_Widget_Types_Controller->render(Object(WP_REST_Request))
#14 C:\xampp\htdocs\nhannt3\wp-includes\rest-api\class-wp-rest-server.php(990): WP_REST_Server->respond_to_request(Object(WP_REST_Request), '/wp/v2/widget-t...', Array, NULL)
#15 C:\xampp\htdocs\nhannt3\wp-includes\rest-api\class-wp-rest-server.php(414): WP_REST_Server->dispatch(Object(WP_REST_Request))
#16 C:\xampp\htdocs\nhannt3\wp-includes\rest-api.php(394): WP_REST_Server->serve_request('/wp/v2/widget-t...')
#17 C:\xampp\htdocs\nhannt3\wp-includes\class-wp-hook.php(307): rest_api_loaded(Object(WP))
#18 C:\xampp\htdocs\nhannt3\wp-includes\class-wp-hook.php(331): WP_Hook->apply_filters(NULL, Array)
#19 C:\xampp\htdocs\nhannt3\wp-includes\plugin.php(524): WP_Hook->do_action(Array)
#20 C:\xampp\htdocs\nhannt3\wp-includes\class-wp.php(398): do_action_ref_array('parse_request', Array)
#21 C:\xampp\htdocs\nhannt3\wp-includes\class-wp.php(770): WP->parse_request('')
#22 C:\xampp\htdocs\nhannt3\wp-includes\functions.php(1330): WP->main('')
#23 C:\xampp\htdocs\nhannt3\wp-blog-header.php(16): wp()
#24 C:\xampp\htdocs\nhannt3\index.php(17): require('C:\\xampp\\htdocs...')
#25 {main}
  thrown in C:\xampp\htdocs\nhannt3\wp-content\plugins\th-all-in-one-woo-cart\inc\taiowc-markup.php on line 44

